Added Component: Designator=J4(USB TYPE C-31-M-12)
Add component (AddParameter): Name = "Manufacturer"; Value = "Korean Hroparts Elec"; VariantName = "[No Variations]"
Add component (AddParameter): Name = "Manufacturer Product Number"; Value = "TYPE-C-31-M-12"; VariantName = "[No Variations]"
Add component (AddParameter): Name = "Supplier"; Value = "LCSC"; VariantName = "[No Variations]"
Add component (AddParameter): Name = "Supplier Part Number"; Value = "C165948"; VariantName = "[No Variations]"
Added Component: Designator=R7(Resistor 0603 SMD)
Add component (AddParameter): Name = "Manufacturer"; Value = "UNI-ROYAL(Uniroyal Elec)"; VariantName = "[No Variations]"
Add component (AddParameter): Name = "Manufacturer Product Number"; Value = "0603WAF5101T5E"; VariantName = "[No Variations]"
Add component (AddParameter): Name = "Supplier"; Value = "LCSC"; VariantName = "[No Variations]"
Add component (AddParameter): Name = "Supplier Part Number"; Value = "C23186"; VariantName = "[No Variations]"
Added Component: Designator=UART1((USB-UART) CH340C)
Add component (AddParameter): Name = "Manufacturer"; Value = "WCH(Jiangsu Qin Heng)"; VariantName = "[No Variations]"
Add component (AddParameter): Name = "Manufacturer Product Number"; Value = "CH340C"; VariantName = "[No Variations]"
Add component (AddParameter): Name = "Supplier"; Value = "LCSC"; VariantName = "[No Variations]"
Add component (AddParameter): Name = "Supplier Part Number"; Value = "C84681"; VariantName = "[No Variations]"
Added Pin To Net: NetName=GND Pin=J4-13
Added Pin To Net: NetName=GND Pin=J4-13
Added Pin To Net: NetName=GND Pin=J4-13
Added Pin To Net: NetName=GND Pin=J4-13
Added Pin To Net: NetName=GND Pin=J4-13
Added Pin To Net: NetName=GND Pin=J4-13
Added Pin To Net: NetName=GND Pin=J4-A1-B12
Added Pin To Net: NetName=VCC Pin=J4-A4-B9
Added Pin To Net: NetName=GND Pin=J4-B1-A12
Added Pin To Net: NetName=VCC Pin=J4-B4-A9
Added Pin To Net: NetName=GND Pin=R7-2
Added Pin To Net: NetName=GND Pin=UART1-1
Added Pin To Net: NetName=VCC Pin=UART1-16
Added Pin To Net: NetName=DN Pin=J4-A7
Added Pin To Net: NetName=DN Pin=J4-B7
Added Pin To Net: NetName=DN Pin=UART1-6
Added Net: Name=DN
Added Pin To Net: NetName=DP Pin=J4-A6
Added Pin To Net: NetName=DP Pin=J4-B6
Added Pin To Net: NetName=DP Pin=UART1-5
Added Net: Name=DP
Added Pin To Net: NetName=NetJ4_A5 Pin=J4-A5
Added Pin To Net: NetName=NetJ4_A5 Pin=J4-B5
Added Pin To Net: NetName=NetJ4_A5 Pin=R7-1
Added Net: Name=NetJ4_A5
Added Pin To Net: NetName=RXD Pin=U2-30
Added Pin To Net: NetName=RXD Pin=UART1-2
Added Net: Name=RXD
Added Pin To Net: NetName=TXD Pin=U2-31
Added Pin To Net: NetName=TXD Pin=UART1-3
Added Net: Name=TXD
Added Member To Class: ClassName=Sheet1 Member=Component J4 TYPE-C-31-M-12
Added Member To Class: ClassName=Sheet1 Member=Component R7 5.1k ohm
Added Member To Class: ClassName=Sheet1 Member=Component UART1 USB to UART (CH340C)
